<?xml version="1.0"?>
<testsuite name="IE 11.0.0 (Windows 10 0.0.0)" package="" timestamp="2016-10-11T13:23:44" id="0" hostname="developer" tests="8" errors="0" failures="0" time="0.021">
  <properties>
    <property name="browser.fullName" value="Mozilla/5.0 (Windows NT 10.0; WOW64; Trident/7.0; .NET4.0C; .NET4.0E; .NET CLR 2.0.50727; .NET CLR 3.0.30729; .NET CLR 3.5.30729; InfoPath.2; rv:11.0) like Gecko"/>
  </properties>
  <testcase name=" enemy-CalculatePossibleMoves" time="0.003" classname="IE_11_0_0_(Windows_10_0_0_0).undefined"/>
  <testcase name=" enemy-calculateBestAxis" time="0.001" classname="IE_11_0_0_(Windows_10_0_0_0).undefined"/>
  <testcase name=" enemy-calculateBestRemainingDirection" time="0" classname="IE_11_0_0_(Windows_10_0_0_0).undefined"/>
  <testcase name=" player-step collisions" time="0.003" classname="IE_11_0_0_(Windows_10_0_0_0).undefined"/>
  <testcase name=" player-gameboard collisions-right" time="0.005" classname="IE_11_0_0_(Windows_10_0_0_0).undefined"/>
  <testcase name=" player-gameboard collisions-down" time="0.005" classname="IE_11_0_0_(Windows_10_0_0_0).undefined"/>
  <testcase name=" player-tomb collisions" time="0.003" classname="IE_11_0_0_(Windows_10_0_0_0).undefined"/>
  <testcase name=" player-item collisions" time="0.001" classname="IE_11_0_0_(Windows_10_0_0_0).undefined"/>
  <system-out>
    <![CDATA[
]]>
  </system-out>
  <system-err/>
</testsuite>